0 info it worked if it ends with ok
1 verbose cli [ 'C:\\Program Files\\nodejs\\node.exe',
1 verbose cli   'C:\\Program Files\\nodejs\\node_modules\\npm\\bin\\npm-cli.js',
1 verbose cli   'run',
1 verbose cli   'start' ]
2 info using npm@3.10.10
3 info using node@v6.10.2
4 verbose run-script [ 'prestart', 'start', 'poststart' ]
5 info lifecycle itec@1.0.0~prestart: itec@1.0.0
6 silly lifecycle itec@1.0.0~prestart: no script for prestart, continuing
7 info lifecycle itec@1.0.0~start: itec@1.0.0
8 verbose lifecycle itec@1.0.0~start: unsafe-perm in lifecycle true
9 verbose lifecycle itec@1.0.0~start: PATH: C:\Program Files\nodejs\node_modules\npm\bin\node-gyp-bin;C:\Users\Oana\Desktop\RoOa\earthquake\node_modules\.bin;C:\Windows\system32;C:\Windows;C:\Windows\system32\wbem;C:\WinAVR-20100110\bin;C:\WinAVR-20100110\utils\bin;C:\Python27;C:\Python27\Scripts;C:\oraclexe\app\oracle\product\11.2.0\server\bin;C:\Program Files\Common Files\Microsoft Shared\Windows Live;c:\program files\broadcom\broadcom 802.11 network adapter\driver;c:\programdata\oracle\java\javapath;c:\windows\system32\windowspowershell\v1.0;c:\program files\calibre2;c:\program files\nvidia corporation\physx\common;c:\program files\microsoft sql server\110\tools\binn;D:\Jocuri\Matlab\bin;D:\Jocuri\Matlab\bin\win32;C:\Program Files\Windows Live\Shared;C:\Program Files\Skype\Phone;C:\Program Files\GtkSharp\2.12\bin;C:\Program Files\Microsoft\Web Platform Installer;C:\Program Files\Microsoft SQL Server\100\Tools\Binn;C:\Program Files\Microsoft SQL Server\100\DTS\Binn;C:\Program Files\Microsoft DNX\Dnvm;C:\Program Files\Windows Kits\8.1\Windows Performance Toolkit;C:\Program Files\QuickTime\QTSystem;C:\Program Files\Skype\Phone\;C:\Program Files\Git\cmd;C:\Program Files\nodejs\;;C:\Program Files\Microsoft VS Code\bin;C:\Users\Oana\AppData\Roaming\npm
10 verbose lifecycle itec@1.0.0~start: CWD: C:\Users\Oana\Desktop\RoOa\earthquake
11 silly lifecycle itec@1.0.0~start: Args: [ '/d /s /c', 'lite-server' ]
12 silly lifecycle itec@1.0.0~start: Returned: code: 1  signal: null
13 info lifecycle itec@1.0.0~start: Failed to exec start script
14 verbose stack Error: itec@1.0.0 start: `lite-server`
14 verbose stack Exit status 1
14 verbose stack     at EventEmitter.<anonymous> (C:\Program Files\nodejs\node_modules\npm\lib\utils\lifecycle.js:255:16)
14 verbose stack     at emitTwo (events.js:106:13)
14 verbose stack     at EventEmitter.emit (events.js:191:7)
14 verbose stack     at ChildProcess.<anonymous> (C:\Program Files\nodejs\node_modules\npm\lib\utils\spawn.js:40:14)
14 verbose stack     at emitTwo (events.js:106:13)
14 verbose stack     at ChildProcess.emit (events.js:191:7)
14 verbose stack     at maybeClose (internal/child_process.js:886:16)
14 verbose stack     at Process.ChildProcess._handle.onexit (internal/child_process.js:226:5)
15 verbose pkgid itec@1.0.0
16 verbose cwd C:\Users\Oana\Desktop\RoOa\earthquake
17 error Windows_NT 6.1.7601
18 error argv "C:\\Program Files\\nodejs\\node.exe" "C:\\Program Files\\nodejs\\node_modules\\npm\\bin\\npm-cli.js" "run" "start"
19 error node v6.10.2
20 error npm  v3.10.10
21 error code ELIFECYCLE
22 error itec@1.0.0 start: `lite-server`
22 error Exit status 1
23 error Failed at the itec@1.0.0 start script 'lite-server'.
23 error Make sure you have the latest version of node.js and npm installed.
23 error If you do, this is most likely a problem with the itec package,
23 error not with npm itself.
23 error Tell the author that this fails on your system:
23 error     lite-server
23 error You can get information on how to open an issue for this project with:
23 error     npm bugs itec
23 error Or if that isn't available, you can get their info via:
23 error     npm owner ls itec
23 error There is likely additional logging output above.
24 verbose exit [ 1, true ]
